[2015-11-13 18:54:40] START
[2015-11-13 18:58:45] EDIT GetMeRide/models/db.py: 1
[2015-11-13 18:59:12] EDIT GetMeRide/models/db.py: 1
[2015-11-13 19:03:19] EDIT GetMeRide/controllers/default.py: 2
[2015-11-13 19:03:33] EDIT GetMeRide/controllers/default.py: 0
[2015-11-13 19:04:58] EDIT GetMeRide/controllers/default.py: 0
[2015-11-13 19:05:28] EDIT GetMeRide/controllers/default.py: 0
[2015-11-13 19:08:10] EDIT GetMeRide/controllers/default.py: 0
[2015-11-13 19:10:00] EDIT GetMeRide/controllers/default.py: 0
[2015-11-13 19:12:06] EDIT GetMeRide/controllers/default.py: 2
[2015-11-13 19:13:30] EDIT GetMeRide/controllers/default.py: 3
[2015-11-13 19:14:31] EDIT GetMeRide/controllers/default.py: 0
[2015-11-13 19:17:19] EDIT GetMeRide/controllers/default.py: 1
[2015-11-13 19:20:11] EDIT GetMeRide/controllers/default.py: 0
[2015-11-13 19:20:14] CREATE add_routes.html: 0
[2015-11-13 19:20:46] DELETE GetMeRide/views/add_routes.html: -3
[2015-11-13 19:21:06] CREATE default/add_routes.html: 0
[2015-11-13 19:21:56] EDIT GetMeRide/views/default/add_routes.html: 0
[2015-11-13 19:22:38] EDIT GetMeRide/views/default/add_routes.html: 0
[2015-11-13 19:22:43] EDIT GetMeRide/controllers/default.py: 0
[2015-11-13 19:27:02] EDIT GetMeRide/views/default/add_routes.html: 0
[2015-11-13 19:28:01] EDIT GetMeRide/views/default/add_routes.html: -1
[2015-11-13 19:28:39] EDIT GetMeRide/controllers/default.py: 1
[2015-11-13 19:28:49] EDIT GetMeRide/views/default/add_routes.html: 1
[2015-11-13 19:32:47] EDIT GetMeRide/controllers/default.py: 0
[2015-11-13 19:35:44] EDIT GetMeRide/controllers/default.py: 0
[2015-11-13 20:12:55] EDIT GetMeRide/controllers/default.py: 0
[2015-11-13 20:19:38] EDIT GetMeRide/models/db.py: 0
[2015-11-13 20:20:45] EDIT GetMeRide/models/db.py: 0
[2015-11-13 20:21:21] EDIT GetMeRide/models/db.py: 0
[2015-11-13 20:22:03] EDIT GetMeRide/models/db.py: 0
[2015-11-13 20:26:04] EDIT GetMeRide/controllers/default.py: 9
[2015-11-13 20:27:22] EDIT GetMeRide/controllers/default.py: 0
[2015-11-13 20:27:57] EDIT GetMeRide/controllers/default.py: 0
[2015-11-13 20:28:50] EDIT GetMeRide/controllers/default.py: 0
[2015-11-13 20:29:46] EDIT GetMeRide/controllers/default.py: 1
[2015-11-13 20:31:06] EDIT GetMeRide/controllers/default.py: 0
[2015-11-13 20:31:32] EDIT GetMeRide/controllers/default.py: 0
[2015-11-13 20:32:03] EDIT GetMeRide/controllers/default.py: 0
[2015-11-13 20:32:21] EDIT GetMeRide/controllers/default.py: 0
[2015-11-13 20:33:00] EDIT GetMeRide/controllers/default.py: 0
[2015-11-13 20:43:01] EDIT GetMeRide/models/db.py: 0
[2015-11-13 20:44:15] EDIT GetMeRide/models/db.py: 0
[2015-11-13 20:46:17] EDIT GetMeRide/controllers/default.py: 0
[2015-11-13 20:46:47] EDIT GetMeRide/controllers/default.py: 0
[2015-11-13 20:47:55] EDIT GetMeRide/controllers/default.py: 3
[2015-11-13 20:48:21] EDIT GetMeRide/controllers/default.py: 0
[2015-11-13 20:48:57] EDIT GetMeRide/controllers/default.py: 0
[2015-11-13 20:50:00] EDIT GetMeRide/controllers/default.py: 0
[2015-11-13 20:50:43] EDIT GetMeRide/controllers/default.py: 0
[2015-11-13 20:53:08] EDIT GetMeRide/controllers/default.py: 6
[2015-11-13 20:53:21] EDIT GetMeRide/controllers/default.py: 0
[2015-11-13 20:53:29] EDIT GetMeRide/controllers/default.py: 0
[2015-11-13 20:54:17] EDIT GetMeRide/controllers/default.py: 1
[2015-11-13 20:54:37] EDIT GetMeRide/controllers/default.py: 0
[2015-11-13 20:55:09] EDIT GetMeRide/controllers/default.py: 0
[2015-11-13 20:55:10] EDIT GetMeRide/controllers/default.py: 0
[2015-11-13 20:55:10] EDIT GetMeRide/controllers/default.py: 0
[2015-11-13 20:55:10] EDIT GetMeRide/controllers/default.py: 0
[2015-11-13 20:56:58] EDIT GetMeRide/controllers/default.py: 0
[2015-11-13 20:56:58] EDIT GetMeRide/controllers/default.py: 0
[2015-11-13 20:56:58] EDIT GetMeRide/controllers/default.py: 0
[2015-11-13 20:56:59] EDIT GetMeRide/controllers/default.py: 0
[2015-11-13 20:56:59] EDIT GetMeRide/controllers/default.py: 0
[2015-11-13 20:56:59] EDIT GetMeRide/controllers/default.py: 0
[2015-11-13 20:57:32] EDIT GetMeRide/controllers/default.py: 1
[2015-11-13 20:57:56] EDIT GetMeRide/controllers/default.py: 0
[2015-11-13 20:58:04] EDIT GetMeRide/controllers/default.py: 0
[2015-11-13 20:58:14] EDIT GetMeRide/controllers/default.py: 0
[2015-11-13 20:58:35] EDIT GetMeRide/controllers/default.py: 0
[2015-11-13 21:01:00] EDIT GetMeRide/controllers/default.py: 1
[2015-11-13 21:02:05] EDIT GetMeRide/controllers/default.py: 0
[2015-11-13 21:02:53] CREATE default/share_a_cab.html: 0
[2015-11-13 21:03:30] EDIT GetMeRide/views/default/share_a_cab.html: 0
[2015-11-13 21:05:59] EDIT GetMeRide/controllers/default.py: 0
[2015-11-13 21:09:12] EDIT GetMeRide/models/db.py: 0
[2015-11-13 22:29:04] EDIT GetMeRide/models/db.py: 1
[2015-11-13 23:11:32] EDIT GetMeRide/models/db.py: 2
[2015-11-13 23:11:48] EDIT GetMeRide/models/db.py: 4
[2015-11-13 23:12:36] EDIT GetMeRide/models/db.py: 12
[2015-11-13 23:16:51] EDIT GetMeRide/controllers/default.py: 7
[2015-11-13 23:16:59] EDIT GetMeRide/controllers/default.py: 0
[2015-11-13 23:18:21] EDIT GetMeRide/controllers/default.py: 6
[2015-11-13 23:18:47] EDIT GetMeRide/controllers/default.py: 3
[2015-11-13 23:19:04] EDIT GetMeRide/controllers/default.py: 3
[2015-11-13 23:19:36] EDIT GetMeRide/controllers/default.py: 0
[2015-11-13 23:20:02] EDIT GetMeRide/controllers/default.py: 1
[2015-11-13 23:21:57] EDIT GetMeRide/controllers/default.py: 4
[2015-11-13 23:24:27] EDIT GetMeRide/controllers/default.py: 1
[2015-11-13 23:24:37] EDIT GetMeRide/controllers/default.py: 0
[2015-11-13 23:31:10] EDIT GetMeRide/controllers/default.py: 6
[2015-11-13 23:31:24] EDIT GetMeRide/controllers/default.py: 0
[2015-11-13 23:31:31] EDIT GetMeRide/controllers/default.py: 0
[2015-11-13 23:32:00] EDIT GetMeRide/controllers/default.py: 1
[2015-11-13 23:32:23] CREATE default/search_cab.html: 0
[2015-11-13 23:32:51] EDIT GetMeRide/views/default/search_cab.html: 0
[2015-11-13 23:33:25] CREATE default/search_cab_details.html: 0
[2015-11-13 23:33:52] EDIT GetMeRide/views/default/search_cab_details.html: 0
[2015-11-13 23:35:08] EDIT GetMeRide/views/default/search_cab_details.html: 4
[2015-11-13 23:44:07] EDIT GetMeRide/controllers/default.py: 7
[2015-11-14 00:47:02] EDIT GetMeRide/controllers/default.py: 8
[2015-11-14 00:47:43] EDIT GetMeRide/controllers/default.py: 0
[2015-11-14 00:52:07] EDIT GetMeRide/controllers/default.py: 1
[2015-11-14 00:52:26] EDIT GetMeRide/controllers/default.py: 0
[2015-11-14 00:53:08] EDIT GetMeRide/views/default/search_cab_details.html: 1
[2015-11-14 00:53:11] EDIT GetMeRide/controllers/default.py: 0
[2015-11-14 01:05:30] EDIT GetMeRide/controllers/default.py: 1
[2015-11-14 01:07:12] EDIT GetMeRide/controllers/default.py: 0
[2015-11-14 01:11:24] EDIT GetMeRide/controllers/default.py: 0
[2015-11-14 01:13:46] EDIT GetMeRide/controllers/default.py: 1
[2015-11-14 01:13:56] EDIT GetMeRide/controllers/default.py: 0
[2015-11-14 02:36:45] EDIT GetMeRide/views/default/search_cab_details.html: 1
[2015-11-14 02:40:23] EDIT GetMeRide/controllers/default.py: 0
[2015-11-14 02:42:11] EDIT GetMeRide/controllers/default.py: 0
[2015-11-14 02:46:26] EDIT GetMeRide/views/default/search_cab_details.html: 0
[2015-11-14 02:48:57] EDIT GetMeRide/controllers/default.py: 0
[2015-11-14 02:54:38] EDIT GetMeRide/controllers/default.py: 0
[2015-11-14 02:55:25] EDIT GetMeRide/views/default/search_cab_details.html: 0
[2015-11-14 02:58:25] EDIT GetMeRide/views/default/search_cab_details.html: 3
[2015-11-14 02:59:19] EDIT GetMeRide/views/default/search_cab_details.html: 0
[2015-11-14 02:59:36] EDIT GetMeRide/views/default/search_cab_details.html: 0
[2015-11-14 03:00:01] EDIT GetMeRide/views/default/search_cab_details.html: 1
[2015-11-14 03:00:09] EDIT GetMeRide/views/default/search_cab_details.html: 0
[2015-11-14 03:00:47] EDIT GetMeRide/views/default/search_cab_details.html: 0
[2015-11-14 03:00:53] EDIT GetMeRide/views/default/search_cab_details.html: 0
[2015-11-14 03:02:05] EDIT GetMeRide/views/default/search_cab_details.html: 1
[2015-11-14 03:02:11] EDIT GetMeRide/views/default/search_cab_details.html: -1
[2015-11-14 03:03:14] EDIT GetMeRide/views/default/search_cab_details.html: 0
[2015-11-14 03:05:29] EDIT GetMeRide/views/default/search_cab_details.html: 3
[2015-11-14 03:05:48] EDIT GetMeRide/views/default/search_cab_details.html: 0
[2015-11-14 03:07:21] EDIT GetMeRide/views/default/search_cab_details.html: 1
[2015-11-14 03:08:13] EDIT GetMeRide/views/default/search_cab_details.html: 0
[2015-11-14 03:08:36] EDIT GetMeRide/views/default/search_cab_details.html: 1
[2015-11-14 03:24:14] EDIT GetMeRide/views/default/search_cab_details.html: 2
[2015-11-14 03:24:38] EDIT GetMeRide/views/default/search_cab_details.html: 0
[2015-11-14 03:24:56] EDIT GetMeRide/views/default/search_cab_details.html: 0
[2015-11-14 03:25:07] EDIT GetMeRide/views/default/search_cab_details.html: 0
[2015-11-14 03:25:50] EDIT GetMeRide/views/default/search_cab_details.html: 0
[2015-11-14 03:27:20] EDIT GetMeRide/views/default/search_cab_details.html: 5
[2015-11-14 03:27:54] EDIT GetMeRide/views/default/search_cab_details.html: -1
[2015-11-14 03:28:26] EDIT GetMeRide/views/default/search_cab_details.html: 0
[2015-11-14 03:29:13] EDIT GetMeRide/views/default/search_cab_details.html: 0
[2015-11-14 03:29:22] EDIT GetMeRide/views/default/search_cab_details.html: 0
[2015-11-14 03:29:33] EDIT GetMeRide/views/default/search_cab_details.html: 0
[2015-11-14 03:29:46] EDIT GetMeRide/views/default/search_cab_details.html: 0
[2015-11-14 03:29:54] EDIT GetMeRide/views/default/search_cab_details.html: 0
[2015-11-14 03:30:05] EDIT GetMeRide/views/default/search_cab_details.html: 0
[2015-11-14 03:30:14] EDIT GetMeRide/views/default/search_cab_details.html: 0
[2015-11-14 03:30:25] EDIT GetMeRide/views/default/search_cab_details.html: 0
[2015-11-14 03:30:56] EDIT GetMeRide/views/default/search_cab_details.html: 0
[2015-11-14 03:31:10] EDIT GetMeRide/views/default/search_cab_details.html: 0
[2015-11-14 03:31:17] EDIT GetMeRide/views/default/search_cab_details.html: 0
[2015-11-14 03:31:36] EDIT GetMeRide/views/default/search_cab_details.html: 0
[2015-11-14 03:31:58] EDIT GetMeRide/views/default/search_cab_details.html: 0
[2015-11-14 03:33:11] EDIT GetMeRide/views/default/search_cab_details.html: 0
[2015-11-14 03:33:32] EDIT GetMeRide/views/default/search_cab_details.html: 0
[2015-11-14 03:34:05] EDIT GetMeRide/views/default/search_cab_details.html: 0
[2015-11-14 03:39:32] EDIT GetMeRide/views/default/search_cab_details.html: 0
[2015-11-14 03:40:11] EDIT GetMeRide/views/default/search_cab_details.html: -4
[2015-11-14 03:41:31] EDIT GetMeRide/views/default/search_cab_details.html: 1
[2015-11-14 03:44:06] EDIT GetMeRide/views/default/search_cab_details.html: 0
[2015-11-14 20:43:35] EDIT GetMeRide/views/default/search_cab_details.html: -3
[2015-11-14 20:53:29] EDIT GetMeRide/views/default/search_cab_details.html: 8
[2015-11-14 20:55:13] EDIT GetMeRide/controllers/default.py: 3
[2015-11-14 20:56:43] EDIT GetMeRide/controllers/default.py: 5
[2015-11-14 20:57:10] CREATE default/book_cab.html: 0
[2015-11-14 20:58:14] EDIT GetMeRide/views/default/book_cab.html: 5
[2015-11-14 20:58:29] EDIT GetMeRide/views/default/book_cab.html: 0
[2015-11-14 21:01:07] EDIT GetMeRide/views/default/search_cab_details.html: 0
[2015-11-14 21:02:30] EDIT GetMeRide/views/default/search_cab_details.html: 0
[2015-11-14 22:23:24] EDIT GetMeRide/models/db.py: 1
[2015-11-14 22:38:00] EDIT GetMeRide/controllers/default.py: 9
[2015-11-14 22:40:36] EDIT GetMeRide/controllers/default.py: -1
[2015-11-14 22:55:32] EDIT GetMeRide/controllers/default.py: 0
[2015-11-15 00:20:05] EDIT GetMeRide/views/default/search_cab_details.html: 0
[2015-11-15 00:27:45] EDIT GetMeRide/controllers/default.py: 1
[2015-11-15 00:28:35] EDIT GetMeRide/views/default/book_cab.html: 1
[2015-11-15 00:31:09] EDIT GetMeRide/controllers/default.py: 2
<<<<<<< HEAD
[2015-11-15 19:32:27] EDIT GetMeRide/models/db.py: 6
[2015-11-15 19:32:52] EDIT GetMeRide/models/db.py: 0
[2015-11-15 19:34:14] EDIT GetMeRide/models/db.py: 0
[2015-11-15 19:34:26] EDIT GetMeRide/models/db.py: -1
[2015-11-15 19:56:35] EDIT GetMeRide/models/db.py: 0
[2015-11-15 20:31:07] EDIT GetMeRide/models/db.py: 0
[2015-11-15 20:31:24] EDIT GetMeRide/models/db.py: 0
[2015-11-15 22:09:38] EDIT GetMeRide/models/db.py: 2
[2015-11-15 22:11:08] EDIT GetMeRide/models/db.py: 0
[2015-11-15 22:11:43] EDIT GetMeRide/models/db.py: 0
[2015-11-15 22:12:57] EDIT GetMeRide/models/db.py: 0
[2015-11-15 22:14:53] EDIT GetMeRide/models/db.py: 0
[2015-11-15 22:15:53] EDIT GetMeRide/models/db.py: 1
[2015-11-15 22:16:49] EDIT GetMeRide/models/db.py: 0
[2015-11-15 22:17:04] EDIT GetMeRide/models/db.py: 0
[2015-11-15 22:18:50] EDIT GetMeRide/models/db.py: -3
[2015-11-15 22:20:56] EDIT GetMeRide/models/db.py: 1
[2015-11-15 23:16:14] EDIT GetMeRide/controllers/default.py: 1
[2015-11-15 23:16:53] EDIT GetMeRide/controllers/default.py: 4
[2015-11-16 00:38:10] EDIT GetMeRide/controllers/default.py: 1
[2015-11-16 00:38:25] EDIT GetMeRide/controllers/default.py: 0
[2015-11-16 00:40:20] EDIT GetMeRide/controllers/default.py: -1
[2015-11-16 00:44:39] EDIT GetMeRide/controllers/default.py: 0
[2015-11-16 00:45:30] EDIT GetMeRide/controllers/default.py: 0
[2015-11-16 00:45:45] EDIT GetMeRide/controllers/default.py: 0
[2015-11-16 00:52:13] EDIT GetMeRide/controllers/default.py: 0
[2015-11-16 00:57:53] EDIT GetMeRide/controllers/default.py: 0
[2015-11-16 00:58:12] EDIT GetMeRide/controllers/default.py: 0
[2015-11-16 01:05:54] EDIT GetMeRide/controllers/default.py: 0
[2015-11-16 01:06:51] EDIT GetMeRide/controllers/default.py: 2
[2015-11-16 01:08:25] EDIT GetMeRide/controllers/default.py: -1
[2015-11-16 01:09:24] EDIT GetMeRide/controllers/default.py: -1
[2015-11-16 01:16:04] EDIT GetMeRide/controllers/default.py: 2
[2015-11-16 01:16:40] EDIT GetMeRide/controllers/default.py: 0
[2015-11-16 01:17:09] EDIT GetMeRide/controllers/default.py: 0
[2015-11-16 01:42:16] EDIT GetMeRide/controllers/default.py: 2
[2015-11-16 01:44:45] EDIT GetMeRide/controllers/default.py: 3
[2015-11-16 01:45:43] EDIT GetMeRide/controllers/default.py: 3
[2015-11-16 01:46:16] EDIT GetMeRide/controllers/default.py: 2
[2015-11-16 01:48:19] EDIT GetMeRide/controllers/default.py: 0
[2015-11-16 01:48:32] EDIT GetMeRide/controllers/default.py: 0
[2015-11-16 02:21:43] EDIT GetMeRide/controllers/default.py: 0
[2015-11-16 02:24:59] EDIT GetMeRide/controllers/default.py: 10
[2015-11-16 02:27:09] EDIT GetMeRide/controllers/default.py: 2
[2015-11-16 02:27:32] EDIT GetMeRide/controllers/default.py: 1
[2015-11-16 02:27:49] EDIT GetMeRide/controllers/default.py: -13
[2015-11-16 02:28:03] EDIT GetMeRide/controllers/default.py: -2
[2015-11-16 02:29:05] EDIT GetMeRide/controllers/default.py: 1
[2015-11-16 02:29:33] EDIT GetMeRide/controllers/default.py: 0
[2015-11-16 02:29:51] EDIT GetMeRide/controllers/default.py: 1
[2015-11-16 02:30:38] EDIT GetMeRide/controllers/default.py: 2
[2015-11-16 02:31:31] EDIT GetMeRide/controllers/default.py: 2
[2015-11-16 02:32:20] EDIT GetMeRide/controllers/default.py: 0
[2015-11-16 02:49:33] EDIT GetMeRide/controllers/default.py: 1
[2015-11-16 02:51:06] EDIT GetMeRide/views/default/search_cab_details.html: 2
[2015-11-16 02:52:10] EDIT GetMeRide/controllers/default.py: 1
[2015-11-16 02:52:16] EDIT GetMeRide/views/default/search_cab_details.html: 0
[2015-11-16 02:54:20] EDIT GetMeRide/controllers/default.py: 2
[2015-11-16 02:54:53] EDIT GetMeRide/controllers/default.py: 0
[2015-11-16 02:55:25] EDIT GetMeRide/controllers/default.py: 0
[2015-11-16 02:56:01] EDIT GetMeRide/views/default/search_cab_details.html: 0
[2015-11-16 02:56:40] EDIT GetMeRide/views/default/search_cab_details.html: 0
[2015-11-16 02:59:07] EDIT GetMeRide/views/default/search_cab_details.html: 8
[2015-11-16 02:59:35] EDIT GetMeRide/views/default/search_cab_details.html: 1
[2015-11-16 02:59:58] EDIT GetMeRide/views/default/search_cab_details.html: 0
[2015-11-16 03:01:19] EDIT GetMeRide/views/default/search_cab_details.html: 0
[2015-11-16 03:01:58] EDIT GetMeRide/views/default/search_cab_details.html: 0
[2015-11-16 03:04:06] EDIT GetMeRide/views/default/search_cab_details.html: 0
[2015-11-16 03:04:36] EDIT GetMeRide/views/default/search_cab_details.html: 0
[2015-11-16 03:04:58] EDIT GetMeRide/views/default/search_cab_details.html: 0
[2015-11-16 03:05:09] EDIT GetMeRide/views/default/search_cab_details.html: 0
[2015-11-16 03:05:22] EDIT GetMeRide/views/default/search_cab_details.html: 0
[2015-11-16 03:07:21] EDIT GetMeRide/views/default/search_cab_details.html: 0
[2015-11-16 03:08:01] EDIT GetMeRide/views/default/search_cab_details.html: 0
[2015-11-16 03:08:33] EDIT GetMeRide/views/default/search_cab_details.html: 0
[2015-11-16 03:11:40] EDIT GetMeRide/views/default/search_cab_details.html: 0
=======
>>>>>>> 8c17d96631acda612391d7ce0fbf6394014a3db3
